UvekTuZaTebe4/app/build/intermediates/manifest_merge_blame_file/release/manifest-merger-blame-release-report.txt
1<?xml version="1.0" encoding="utf-8"?>
2<manifest xmlns:android="http://schemas.android.com/apk/res/android"
3    package="pak.apl.uvektuzatebe"
4    android:versionCode="1"
5    android:versionName="1.0" >
6
7    <uses-sdk
8        android:minSdkVersion="24"
8-->src\main\AndroidManifest.xml
9        android:targetSdkVersion="30" />
9-->src\main\AndroidManifest.xml
10
11    <uses-feature
11-->src\main\AndroidManifest.xml:5:5-7:35
12        android:glEsVersion="0x00020000"
12-->src\main\AndroidManifest.xml:6:9-41
13        android:required="true" />
13-->src\main\AndroidManifest.xml:7:9-32
14
15    <uses-permission android:name="android.permission.WRITE_EXTERNAL_STORAGE" />
15-->src\main\AndroidManifest.xml:9:5-81
15-->src\main\AndroidManifest.xml:9:22-78
16    <uses-permission android:name="android.permission.ACCESS_COARSE_LOCATION" />
16-->src\main\AndroidManifest.xml:10:5-81
16-->src\main\AndroidManifest.xml:10:22-78
17    <uses-permission android:name="android.permission.INTERNET" />
17-->src\main\AndroidManifest.xml:11:5-67
17-->src\main\AndroidManifest.xml:11:22-64
18    <uses-permission android:name="android.permission.ACCESS_NETWORK_STATE" />
18-->src\main\AndroidManifest.xml:12:5-79
18-->src\main\AndroidManifest.xml:12:22-76
19    <uses-permission android:name="android.permission.ACCESS_FINE_LOCATION" />
19-->src\main\AndroidManifest.xml:13:5-79
19-->src\main\AndroidManifest.xml:13:22-76
20
21    <application
21-->src\main\AndroidManifest.xml:15:5-52:19
22        android:allowBackup="true"
22-->src\main\AndroidManifest.xml:16:9-35
23        android:appComponentFactory="androidx.core.app.CoreComponentFactory"
23-->[androidx.core:core:1.3.1] AndroidManifest.xml:24:18-86
24        android:extractNativeLibs="false"
25        android:icon="@mipmap/ic_launcher"
25-->src\main\AndroidManifest.xml:17:9-43
26        android:label="@string/app_name"
26-->src\main\AndroidManifest.xml:18:9-41
27        android:largeHeap="true"
27-->src\main\AndroidManifest.xml:22:9-33
28        android:roundIcon="@mipmap/ic_launcher_round"
28-->src\main\AndroidManifest.xml:19:9-54
29        android:supportsRtl="true"
29-->src\main\AndroidManifest.xml:20:9-35
30        android:theme="@style/Theme.UvekTuZaTebe"
30-->src\main\AndroidManifest.xml:23:9-50
31        android:usesCleartextTraffic="true" >
31-->src\main\AndroidManifest.xml:24:9-44
32        <activity android:name="pak.apl.uvektuzatebe.korisnik.Zatrazene" />
32-->src\main\AndroidManifest.xml:25:9-65
32-->src\main\AndroidManifest.xml:25:19-53
33        <activity android:name="pak.apl.uvektuzatebe.volonter.Detaljipomoci" />
33-->src\main\AndroidManifest.xml:26:9-60
33-->src\main\AndroidManifest.xml:26:19-57
34
35        <uses-library
35-->src\main\AndroidManifest.xml:28:9-30:40
36            android:name="org.apache.http.legacy"
36-->src\main\AndroidManifest.xml:29:13-50
37            android:required="false" />
37-->src\main\AndroidManifest.xml:30:13-37
38
39        <meta-data
39-->src\main\AndroidManifest.xml:32:9-34:69
40            android:name="com.google.android.gms.version"
40-->src\main\AndroidManifest.xml:33:13-58
41            android:value="@integer/google_play_services_version" />
41-->src\main\AndroidManifest.xml:34:13-66
42        <meta-data
43            android:name="com.google.android.geo.API_KEY"
43-->src\main\AndroidManifest.xml:36:13-58
44            android:value="AIzaSyDT9GOYNKGXr5KrX-999IqnJ65ypQnOXA0" />
44-->src\main\AndroidManifest.xml:37:13-42
45        <meta-data
45-->src\main\AndroidManifest.xml:38:9-40:57
46            android:name="preloaded_fonts"
46-->src\main\AndroidManifest.xml:39:13-43
47            android:resource="@array/preloaded_fonts" />
47-->src\main\AndroidManifest.xml:40:13-54
48
49        <activity android:name="pak.apl.uvektuzatebe.volonter.Vactivity" />
49-->src\main\AndroidManifest.xml:42:9-56
49-->src\main\AndroidManifest.xml:42:19-53
50        <activity android:name="pak.apl.uvektuzatebe.korisnik.Kactivity" />
50-->src\main\AndroidManifest.xml:43:9-56
50-->src\main\AndroidManifest.xml:43:19-53
51        <activity android:name="pak.apl.uvektuzatebe.Registracija" />
51-->src\main\AndroidManifest.xml:44:9-50
51-->src\main\AndroidManifest.xml:44:19-47
52        <activity android:name="pak.apl.uvektuzatebe.MainActivity" >
52-->src\main\AndroidManifest.xml:45:9-51:20
52-->src\main\AndroidManifest.xml:45:19-47
53            <intent-filter>
53-->src\main\AndroidManifest.xml:46:13-50:29
54                <action android:name="android.intent.action.MAIN" />
54-->src\main\AndroidManifest.xml:47:17-69
54-->src\main\AndroidManifest.xml:47:25-66
55
56                <category android:name="android.intent.category.LAUNCHER" />
56-->src\main\AndroidManifest.xml:49:17-77
56-->src\main\AndroidManifest.xml:49:27-74
57            </intent-filter>
58        </activity>
59        <activity
59-->[com.google.android.gms:play-services-auth:19.0.0] AndroidManifest.xml:23:9-27:75
60            android:name="com.google.android.gms.auth.api.signin.internal.SignInHubActivity"
60-->[com.google.android.gms:play-services-auth:19.0.0] AndroidManifest.xml:24:13-93
61            android:excludeFromRecents="true"
61-->[com.google.android.gms:play-services-auth:19.0.0] AndroidManifest.xml:25:13-46
62            android:exported="false"
62-->[com.google.android.gms:play-services-auth:19.0.0] AndroidManifest.xml:26:13-37
63            android:theme="@android:style/Theme.Translucent.NoTitleBar" />
63-->[com.google.android.gms:play-services-auth:19.0.0] AndroidManifest.xml:27:13-72
64        <!--
65            Service handling Google Sign-In user revocation. For apps that do not integrate with
66            Google Sign-In, this service will never be started.
67        -->
68        <service
68-->[com.google.android.gms:play-services-auth:19.0.0] AndroidManifest.xml:33:9-37:51
69            android:name="com.google.android.gms.auth.api.signin.RevocationBoundService"
69-->[com.google.android.gms:play-services-auth:19.0.0] AndroidManifest.xml:34:13-89
70            android:exported="true"
70-->[com.google.android.gms:play-services-auth:19.0.0] AndroidManifest.xml:35:13-36
71            android:permission="com.google.android.gms.auth.api.signin.permission.REVOCATION_NOTIFICATION"
71-->[com.google.android.gms:play-services-auth:19.0.0] AndroidManifest.xml:36:13-107
72            android:visibleToInstantApps="true" />
72-->[com.google.android.gms:play-services-auth:19.0.0] AndroidManifest.xml:37:13-48
73
74        <activity
74-->[com.google.android.gms:play-services-base:17.3.0] AndroidManifest.xml:23:9-26:75
75            android:name="com.google.android.gms.common.api.GoogleApiActivity"
75-->[com.google.android.gms:play-services-base:17.3.0] AndroidManifest.xml:24:13-79
76            android:exported="false"
76-->[com.google.android.gms:play-services-base:17.3.0] AndroidManifest.xml:25:13-37
77            android:theme="@android:style/Theme.Translucent.NoTitleBar" />
77-->[com.google.android.gms:play-services-base:17.3.0] AndroidManifest.xml:26:13-72
78    </application>
79
80</manifest>